<?xml version="1.0" encoding="UTF-8"?>
<!-- Generated by org.testng.reporters.JUnitReportReporter -->
<testsuite skipped="0" hostname="Rahul-PC" name="com.amazon.qa.testcases.HomePageTests" tests="1" failures="0" timestamp="19 Apr 2020 20:10:40 GMT" time="32.236" errors="0">
  <testcase name="addToCart" time="32.236" classname="com.amazon.qa.testcases.HomePageTests"/>
</testsuite> <!-- com.amazon.qa.testcases.HomePageTests -->
