<?xml version="1.0" encoding="UTF-8"?>
<!-- Generated by org.testng.reporters.JUnitReportReporter -->
<testsuite skipped="0" hostname="Rahul-PC" name="NewTest" tests="1" failures="0" timestamp="18 Apr 2020 13:34:32 GMT" time="0.037" errors="0">
  <testcase name="f" time="0.037" classname="NewTest"/>
</testsuite> <!-- NewTest -->
